  allocator.cpp
C:\dev\D7049E\Sne\extlibs\bx\include\bx\inline\allocator.inl(30,52): warning C4267: 'argument': conversion from 'size_t' to 'int32_t', possible loss of data
  bx.cpp
C:\dev\D7049E\Sne\extlibs\bx\include\bx\inline\allocator.inl(30,52): warning C4267: 'argument': conversion from 'size_t' to 'int32_t', possible loss of data
  commandline.cpp
C:\dev\D7049E\Sne\extlibs\bx\include\bx\inline\allocator.inl(30,52): warning C4267: 'argument': conversion from 'size_t' to 'int32_t', possible loss of data
  debug.cpp
C:\dev\D7049E\Sne\extlibs\bx\include\bx\inline\allocator.inl(30,52): warning C4267: 'argument': conversion from 'size_t' to 'int32_t', possible loss of data
  dtoa.cpp
C:\dev\D7049E\Sne\extlibs\bx\include\bx\inline\allocator.inl(30,52): warning C4267: 'argument': conversion from 'size_t' to 'int32_t', possible loss of data
  easing.cpp
C:\dev\D7049E\Sne\extlibs\bx\include\bx\inline\allocator.inl(30,52): warning C4267: 'argument': conversion from 'size_t' to 'int32_t', possible loss of data
  file.cpp
C:\dev\D7049E\Sne\extlibs\bx\include\bx\inline\allocator.inl(30,52): warning C4267: 'argument': conversion from 'size_t' to 'int32_t', possible loss of data
  filepath.cpp
C:\dev\D7049E\Sne\extlibs\bx\include\bx\inline\allocator.inl(30,52): warning C4267: 'argument': conversion from 'size_t' to 'int32_t', possible loss of data
  hash.cpp
C:\dev\D7049E\Sne\extlibs\bx\include\bx\inline\allocator.inl(30,52): warning C4267: 'argument': conversion from 'size_t' to 'int32_t', possible loss of data
  math.cpp
C:\dev\D7049E\Sne\extlibs\bx\include\bx\inline\allocator.inl(30,52): warning C4267: 'argument': conversion from 'size_t' to 'int32_t', possible loss of data
  mutex.cpp
C:\dev\D7049E\Sne\extlibs\bx\include\bx\inline\allocator.inl(30,52): warning C4267: 'argument': conversion from 'size_t' to 'int32_t', possible loss of data
  os.cpp
C:\dev\D7049E\Sne\extlibs\bx\include\bx\inline\allocator.inl(30,52): warning C4267: 'argument': conversion from 'size_t' to 'int32_t', possible loss of data
  process.cpp
C:\dev\D7049E\Sne\extlibs\bx\include\bx\inline\allocator.inl(30,52): warning C4267: 'argument': conversion from 'size_t' to 'int32_t', possible loss of data
  semaphore.cpp
C:\dev\D7049E\Sne\extlibs\bx\include\bx\inline\allocator.inl(30,52): warning C4267: 'argument': conversion from 'size_t' to 'int32_t', possible loss of data
  settings.cpp
C:\dev\D7049E\Sne\extlibs\bx\include\bx\inline\allocator.inl(30,52): warning C4267: 'argument': conversion from 'size_t' to 'int32_t', possible loss of data
  sort.cpp
C:\dev\D7049E\Sne\extlibs\bx\include\bx\inline\allocator.inl(30,52): warning C4267: 'argument': conversion from 'size_t' to 'int32_t', possible loss of data
  string.cpp
C:\dev\D7049E\Sne\extlibs\bx\include\bx\inline\allocator.inl(30,52): warning C4267: 'argument': conversion from 'size_t' to 'int32_t', possible loss of data
  thread.cpp
C:\dev\D7049E\Sne\extlibs\bx\include\bx\inline\allocator.inl(30,52): warning C4267: 'argument': conversion from 'size_t' to 'int32_t', possible loss of data
  timer.cpp
C:\dev\D7049E\Sne\extlibs\bx\include\bx\inline\allocator.inl(30,52): warning C4267: 'argument': conversion from 'size_t' to 'int32_t', possible loss of data
  url.cpp
C:\dev\D7049E\Sne\extlibs\bx\include\bx\inline\allocator.inl(30,52): warning C4267: 'argument': conversion from 'size_t' to 'int32_t', possible loss of data
  Generating Code...
  bx.vcxproj -> C:\dev\D7049E\Sne\build\vs2019\bin\x86_64\Debug\bx.lib
