  bgfx.cpp
C:\dev\D7049E\Sne\extlibs\bx\include\bx\inline\allocator.inl(30,52): warning C4267: 'argument': conversion from 'size_t' to 'int32_t', possible loss of data
C:\dev\D7049E\Sne\extlibs\bgfx\src\bgfx_p.h(3588,6): warning C4244: 'initializing': conversion from 'Ty' to 'uint32_t', possible loss of data
          with
          [
              Ty=uintptr_t
          ]
C:\dev\D7049E\Sne\extlibs\bgfx\src\bgfx_p.h(3586,25): warning C4244: 'initializing': conversion from 'Ty' to 'const uint32_t', possible loss of data
          with
          [
              Ty=uintptr_t
          ]
C:\dev\D7049E\Sne\extlibs\bgfx\src\bgfx_p.h(3652,6): warning C4244: 'initializing': conversion from 'Ty' to 'uint32_t', possible loss of data
          with
          [
              Ty=uintptr_t
          ]
C:\dev\D7049E\Sne\extlibs\bgfx\src\bgfx_p.h(3650,25): warning C4244: 'initializing': conversion from 'Ty' to 'const uint32_t', possible loss of data
          with
          [
              Ty=uintptr_t
          ]
  debug_renderdoc.cpp
C:\dev\D7049E\Sne\extlibs\bx\include\bx\inline\allocator.inl(30,52): warning C4267: 'argument': conversion from 'size_t' to 'int32_t', possible loss of data
C:\dev\D7049E\Sne\extlibs\bgfx\src\bgfx_p.h(3588,6): warning C4244: 'initializing': conversion from 'Ty' to 'uint32_t', possible loss of data
          with
          [
              Ty=uintptr_t
          ]
C:\dev\D7049E\Sne\extlibs\bgfx\src\bgfx_p.h(3586,25): warning C4244: 'initializing': conversion from 'Ty' to 'const uint32_t', possible loss of data
          with
          [
              Ty=uintptr_t
          ]
C:\dev\D7049E\Sne\extlibs\bgfx\src\bgfx_p.h(3652,6): warning C4244: 'initializing': conversion from 'Ty' to 'uint32_t', possible loss of data
          with
          [
              Ty=uintptr_t
          ]
C:\dev\D7049E\Sne\extlibs\bgfx\src\bgfx_p.h(3650,25): warning C4244: 'initializing': conversion from 'Ty' to 'const uint32_t', possible loss of data
          with
          [
              Ty=uintptr_t
          ]
  dxgi.cpp
C:\dev\D7049E\Sne\extlibs\bx\include\bx\inline\allocator.inl(30,52): warning C4267: 'argument': conversion from 'size_t' to 'int32_t', possible loss of data
C:\dev\D7049E\Sne\extlibs\bgfx\src\bgfx_p.h(3588,6): warning C4244: 'initializing': conversion from 'Ty' to 'uint32_t', possible loss of data
          with
          [
              Ty=uintptr_t
          ]
C:\dev\D7049E\Sne\extlibs\bgfx\src\bgfx_p.h(3586,25): warning C4244: 'initializing': conversion from 'Ty' to 'const uint32_t', possible loss of data
          with
          [
              Ty=uintptr_t
          ]
C:\dev\D7049E\Sne\extlibs\bgfx\src\bgfx_p.h(3652,6): warning C4244: 'initializing': conversion from 'Ty' to 'uint32_t', possible loss of data
          with
          [
              Ty=uintptr_t
          ]
C:\dev\D7049E\Sne\extlibs\bgfx\src\bgfx_p.h(3650,25): warning C4244: 'initializing': conversion from 'Ty' to 'const uint32_t', possible loss of data
          with
          [
              Ty=uintptr_t
          ]
  glcontext_html5.cpp
C:\dev\D7049E\Sne\extlibs\bx\include\bx\inline\allocator.inl(30,52): warning C4267: 'argument': conversion from 'size_t' to 'int32_t', possible loss of data
C:\dev\D7049E\Sne\extlibs\bgfx\src\bgfx_p.h(3588,6): warning C4244: 'initializing': conversion from 'Ty' to 'uint32_t', possible loss of data
          with
          [
              Ty=uintptr_t
          ]
C:\dev\D7049E\Sne\extlibs\bgfx\src\bgfx_p.h(3586,25): warning C4244: 'initializing': conversion from 'Ty' to 'const uint32_t', possible loss of data
          with
          [
              Ty=uintptr_t
          ]
C:\dev\D7049E\Sne\extlibs\bgfx\src\bgfx_p.h(3652,6): warning C4244: 'initializing': conversion from 'Ty' to 'uint32_t', possible loss of data
          with
          [
              Ty=uintptr_t
          ]
C:\dev\D7049E\Sne\extlibs\bgfx\src\bgfx_p.h(3650,25): warning C4244: 'initializing': conversion from 'Ty' to 'const uint32_t', possible loss of data
          with
          [
              Ty=uintptr_t
          ]
  glcontext_wgl.cpp
C:\dev\D7049E\Sne\extlibs\bx\include\bx\inline\allocator.inl(30,52): warning C4267: 'argument': conversion from 'size_t' to 'int32_t', possible loss of data
C:\dev\D7049E\Sne\extlibs\bgfx\src\bgfx_p.h(3588,6): warning C4244: 'initializing': conversion from 'Ty' to 'uint32_t', possible loss of data
          with
          [
              Ty=uintptr_t
          ]
C:\dev\D7049E\Sne\extlibs\bgfx\src\bgfx_p.h(3586,25): warning C4244: 'initializing': conversion from 'Ty' to 'const uint32_t', possible loss of data
          with
          [
              Ty=uintptr_t
          ]
C:\dev\D7049E\Sne\extlibs\bgfx\src\bgfx_p.h(3652,6): warning C4244: 'initializing': conversion from 'Ty' to 'uint32_t', possible loss of data
          with
          [
              Ty=uintptr_t
          ]
C:\dev\D7049E\Sne\extlibs\bgfx\src\bgfx_p.h(3650,25): warning C4244: 'initializing': conversion from 'Ty' to 'const uint32_t', possible loss of data
          with
          [
              Ty=uintptr_t
          ]
  nvapi.cpp
C:\dev\D7049E\Sne\extlibs\bx\include\bx\inline\allocator.inl(30,52): warning C4267: 'argument': conversion from 'size_t' to 'int32_t', possible loss of data
C:\dev\D7049E\Sne\extlibs\bgfx\src\bgfx_p.h(3588,6): warning C4244: 'initializing': conversion from 'Ty' to 'uint32_t', possible loss of data
          with
          [
              Ty=uintptr_t
          ]
C:\dev\D7049E\Sne\extlibs\bgfx\src\bgfx_p.h(3586,25): warning C4244: 'initializing': conversion from 'Ty' to 'const uint32_t', possible loss of data
          with
          [
              Ty=uintptr_t
          ]
C:\dev\D7049E\Sne\extlibs\bgfx\src\bgfx_p.h(3652,6): warning C4244: 'initializing': conversion from 'Ty' to 'uint32_t', possible loss of data
          with
          [
              Ty=uintptr_t
          ]
C:\dev\D7049E\Sne\extlibs\bgfx\src\bgfx_p.h(3650,25): warning C4244: 'initializing': conversion from 'Ty' to 'const uint32_t', possible loss of data
          with
          [
              Ty=uintptr_t
          ]
  renderer_d3d11.cpp
C:\dev\D7049E\Sne\extlibs\bx\include\bx\inline\allocator.inl(30,52): warning C4267: 'argument': conversion from 'size_t' to 'int32_t', possible loss of data
C:\dev\D7049E\Sne\extlibs\bgfx\src\bgfx_p.h(3588,6): warning C4244: 'initializing': conversion from 'Ty' to 'uint32_t', possible loss of data
          with
          [
              Ty=uintptr_t
          ]
C:\dev\D7049E\Sne\extlibs\bgfx\src\bgfx_p.h(3586,25): warning C4244: 'initializing': conversion from 'Ty' to 'const uint32_t', possible loss of data
          with
          [
              Ty=uintptr_t
          ]
C:\dev\D7049E\Sne\extlibs\bgfx\src\bgfx_p.h(3652,6): warning C4244: 'initializing': conversion from 'Ty' to 'uint32_t', possible loss of data
          with
          [
              Ty=uintptr_t
          ]
C:\dev\D7049E\Sne\extlibs\bgfx\src\bgfx_p.h(3650,25): warning C4244: 'initializing': conversion from 'Ty' to 'const uint32_t', possible loss of data
          with
          [
              Ty=uintptr_t
          ]
  renderer_d3d12.cpp
C:\dev\D7049E\Sne\extlibs\bx\include\bx\inline\allocator.inl(30,52): warning C4267: 'argument': conversion from 'size_t' to 'int32_t', possible loss of data
C:\dev\D7049E\Sne\extlibs\bgfx\src\bgfx_p.h(3588,6): warning C4244: 'initializing': conversion from 'Ty' to 'uint32_t', possible loss of data
          with
          [
              Ty=uintptr_t
          ]
C:\dev\D7049E\Sne\extlibs\bgfx\src\bgfx_p.h(3586,25): warning C4244: 'initializing': conversion from 'Ty' to 'const uint32_t', possible loss of data
          with
          [
              Ty=uintptr_t
          ]
C:\dev\D7049E\Sne\extlibs\bgfx\src\bgfx_p.h(3652,6): warning C4244: 'initializing': conversion from 'Ty' to 'uint32_t', possible loss of data
          with
          [
              Ty=uintptr_t
          ]
C:\dev\D7049E\Sne\extlibs\bgfx\src\bgfx_p.h(3650,25): warning C4244: 'initializing': conversion from 'Ty' to 'const uint32_t', possible loss of data
          with
          [
              Ty=uintptr_t
          ]
  renderer_d3d9.cpp
C:\dev\D7049E\Sne\extlibs\bx\include\bx\inline\allocator.inl(30,52): warning C4267: 'argument': conversion from 'size_t' to 'int32_t', possible loss of data
C:\dev\D7049E\Sne\extlibs\bgfx\src\bgfx_p.h(3588,6): warning C4244: 'initializing': conversion from 'Ty' to 'uint32_t', possible loss of data
          with
          [
              Ty=uintptr_t
          ]
C:\dev\D7049E\Sne\extlibs\bgfx\src\bgfx_p.h(3586,25): warning C4244: 'initializing': conversion from 'Ty' to 'const uint32_t', possible loss of data
          with
          [
              Ty=uintptr_t
          ]
C:\dev\D7049E\Sne\extlibs\bgfx\src\bgfx_p.h(3652,6): warning C4244: 'initializing': conversion from 'Ty' to 'uint32_t', possible loss of data
          with
          [
              Ty=uintptr_t
          ]
C:\dev\D7049E\Sne\extlibs\bgfx\src\bgfx_p.h(3650,25): warning C4244: 'initializing': conversion from 'Ty' to 'const uint32_t', possible loss of data
          with
          [
              Ty=uintptr_t
          ]
  renderer_gl.cpp
C:\dev\D7049E\Sne\extlibs\bx\include\bx\inline\allocator.inl(30,52): warning C4267: 'argument': conversion from 'size_t' to 'int32_t', possible loss of data
C:\dev\D7049E\Sne\extlibs\bgfx\src\bgfx_p.h(3588,6): warning C4244: 'initializing': conversion from 'Ty' to 'uint32_t', possible loss of data
          with
          [
              Ty=uintptr_t
          ]
C:\dev\D7049E\Sne\extlibs\bgfx\src\bgfx_p.h(3586,25): warning C4244: 'initializing': conversion from 'Ty' to 'const uint32_t', possible loss of data
          with
          [
              Ty=uintptr_t
          ]
C:\dev\D7049E\Sne\extlibs\bgfx\src\bgfx_p.h(3652,6): warning C4244: 'initializing': conversion from 'Ty' to 'uint32_t', possible loss of data
          with
          [
              Ty=uintptr_t
          ]
C:\dev\D7049E\Sne\extlibs\bgfx\src\bgfx_p.h(3650,25): warning C4244: 'initializing': conversion from 'Ty' to 'const uint32_t', possible loss of data
          with
          [
              Ty=uintptr_t
          ]
  renderer_gnm.cpp
C:\dev\D7049E\Sne\extlibs\bx\include\bx\inline\allocator.inl(30,52): warning C4267: 'argument': conversion from 'size_t' to 'int32_t', possible loss of data
C:\dev\D7049E\Sne\extlibs\bgfx\src\bgfx_p.h(3588,6): warning C4244: 'initializing': conversion from 'Ty' to 'uint32_t', possible loss of data
          with
          [
              Ty=uintptr_t
          ]
C:\dev\D7049E\Sne\extlibs\bgfx\src\bgfx_p.h(3586,25): warning C4244: 'initializing': conversion from 'Ty' to 'const uint32_t', possible loss of data
          with
          [
              Ty=uintptr_t
          ]
C:\dev\D7049E\Sne\extlibs\bgfx\src\bgfx_p.h(3652,6): warning C4244: 'initializing': conversion from 'Ty' to 'uint32_t', possible loss of data
          with
          [
              Ty=uintptr_t
          ]
C:\dev\D7049E\Sne\extlibs\bgfx\src\bgfx_p.h(3650,25): warning C4244: 'initializing': conversion from 'Ty' to 'const uint32_t', possible loss of data
          with
          [
              Ty=uintptr_t
          ]
  renderer_noop.cpp
C:\dev\D7049E\Sne\extlibs\bx\include\bx\inline\allocator.inl(30,52): warning C4267: 'argument': conversion from 'size_t' to 'int32_t', possible loss of data
C:\dev\D7049E\Sne\extlibs\bgfx\src\bgfx_p.h(3588,6): warning C4244: 'initializing': conversion from 'Ty' to 'uint32_t', possible loss of data
          with
          [
              Ty=uintptr_t
          ]
C:\dev\D7049E\Sne\extlibs\bgfx\src\bgfx_p.h(3586,25): warning C4244: 'initializing': conversion from 'Ty' to 'const uint32_t', possible loss of data
          with
          [
              Ty=uintptr_t
          ]
C:\dev\D7049E\Sne\extlibs\bgfx\src\bgfx_p.h(3652,6): warning C4244: 'initializing': conversion from 'Ty' to 'uint32_t', possible loss of data
          with
          [
              Ty=uintptr_t
          ]
C:\dev\D7049E\Sne\extlibs\bgfx\src\bgfx_p.h(3650,25): warning C4244: 'initializing': conversion from 'Ty' to 'const uint32_t', possible loss of data
          with
          [
              Ty=uintptr_t
          ]
  renderer_nvn.cpp
C:\dev\D7049E\Sne\extlibs\bx\include\bx\inline\allocator.inl(30,52): warning C4267: 'argument': conversion from 'size_t' to 'int32_t', possible loss of data
C:\dev\D7049E\Sne\extlibs\bgfx\src\bgfx_p.h(3588,6): warning C4244: 'initializing': conversion from 'Ty' to 'uint32_t', possible loss of data
          with
          [
              Ty=uintptr_t
          ]
C:\dev\D7049E\Sne\extlibs\bgfx\src\bgfx_p.h(3586,25): warning C4244: 'initializing': conversion from 'Ty' to 'const uint32_t', possible loss of data
          with
          [
              Ty=uintptr_t
          ]
C:\dev\D7049E\Sne\extlibs\bgfx\src\bgfx_p.h(3652,6): warning C4244: 'initializing': conversion from 'Ty' to 'uint32_t', possible loss of data
          with
          [
              Ty=uintptr_t
          ]
C:\dev\D7049E\Sne\extlibs\bgfx\src\bgfx_p.h(3650,25): warning C4244: 'initializing': conversion from 'Ty' to 'const uint32_t', possible loss of data
          with
          [
              Ty=uintptr_t
          ]
  renderer_vk.cpp
C:\dev\D7049E\Sne\extlibs\bx\include\bx\inline\allocator.inl(30,52): warning C4267: 'argument': conversion from 'size_t' to 'int32_t', possible loss of data
C:\dev\D7049E\Sne\extlibs\bgfx\src\bgfx_p.h(3588,6): warning C4244: 'initializing': conversion from 'Ty' to 'uint32_t', possible loss of data
          with
          [
              Ty=uintptr_t
          ]
C:\dev\D7049E\Sne\extlibs\bgfx\src\bgfx_p.h(3586,25): warning C4244: 'initializing': conversion from 'Ty' to 'const uint32_t', possible loss of data
          with
          [
              Ty=uintptr_t
          ]
C:\dev\D7049E\Sne\extlibs\bgfx\src\bgfx_p.h(3652,6): warning C4244: 'initializing': conversion from 'Ty' to 'uint32_t', possible loss of data
          with
          [
              Ty=uintptr_t
          ]
C:\dev\D7049E\Sne\extlibs\bgfx\src\bgfx_p.h(3650,25): warning C4244: 'initializing': conversion from 'Ty' to 'const uint32_t', possible loss of data
          with
          [
              Ty=uintptr_t
          ]
  shader.cpp
C:\dev\D7049E\Sne\extlibs\bx\include\bx\inline\allocator.inl(30,52): warning C4267: 'argument': conversion from 'size_t' to 'int32_t', possible loss of data
C:\dev\D7049E\Sne\extlibs\bgfx\src\bgfx_p.h(3588,6): warning C4244: 'initializing': conversion from 'Ty' to 'uint32_t', possible loss of data
          with
          [
              Ty=uintptr_t
          ]
C:\dev\D7049E\Sne\extlibs\bgfx\src\bgfx_p.h(3586,25): warning C4244: 'initializing': conversion from 'Ty' to 'const uint32_t', possible loss of data
          with
          [
              Ty=uintptr_t
          ]
C:\dev\D7049E\Sne\extlibs\bgfx\src\bgfx_p.h(3652,6): warning C4244: 'initializing': conversion from 'Ty' to 'uint32_t', possible loss of data
          with
          [
              Ty=uintptr_t
          ]
C:\dev\D7049E\Sne\extlibs\bgfx\src\bgfx_p.h(3650,25): warning C4244: 'initializing': conversion from 'Ty' to 'const uint32_t', possible loss of data
          with
          [
              Ty=uintptr_t
          ]
  shader_dx9bc.cpp
C:\dev\D7049E\Sne\extlibs\bx\include\bx\inline\allocator.inl(30,52): warning C4267: 'argument': conversion from 'size_t' to 'int32_t', possible loss of data
C:\dev\D7049E\Sne\extlibs\bgfx\src\bgfx_p.h(3588,6): warning C4244: 'initializing': conversion from 'Ty' to 'uint32_t', possible loss of data
          with
          [
              Ty=uintptr_t
          ]
C:\dev\D7049E\Sne\extlibs\bgfx\src\bgfx_p.h(3586,25): warning C4244: 'initializing': conversion from 'Ty' to 'const uint32_t', possible loss of data
          with
          [
              Ty=uintptr_t
          ]
C:\dev\D7049E\Sne\extlibs\bgfx\src\bgfx_p.h(3652,6): warning C4244: 'initializing': conversion from 'Ty' to 'uint32_t', possible loss of data
          with
          [
              Ty=uintptr_t
          ]
C:\dev\D7049E\Sne\extlibs\bgfx\src\bgfx_p.h(3650,25): warning C4244: 'initializing': conversion from 'Ty' to 'const uint32_t', possible loss of data
          with
          [
              Ty=uintptr_t
          ]
  shader_dxbc.cpp
C:\dev\D7049E\Sne\extlibs\bx\include\bx\inline\allocator.inl(30,52): warning C4267: 'argument': conversion from 'size_t' to 'int32_t', possible loss of data
C:\dev\D7049E\Sne\extlibs\bgfx\src\bgfx_p.h(3588,6): warning C4244: 'initializing': conversion from 'Ty' to 'uint32_t', possible loss of data
          with
          [
              Ty=uintptr_t
          ]
C:\dev\D7049E\Sne\extlibs\bgfx\src\bgfx_p.h(3586,25): warning C4244: 'initializing': conversion from 'Ty' to 'const uint32_t', possible loss of data
          with
          [
              Ty=uintptr_t
          ]
C:\dev\D7049E\Sne\extlibs\bgfx\src\bgfx_p.h(3652,6): warning C4244: 'initializing': conversion from 'Ty' to 'uint32_t', possible loss of data
          with
          [
              Ty=uintptr_t
          ]
C:\dev\D7049E\Sne\extlibs\bgfx\src\bgfx_p.h(3650,25): warning C4244: 'initializing': conversion from 'Ty' to 'const uint32_t', possible loss of data
          with
          [
              Ty=uintptr_t
          ]
  shader_spirv.cpp
C:\dev\D7049E\Sne\extlibs\bx\include\bx\inline\allocator.inl(30,52): warning C4267: 'argument': conversion from 'size_t' to 'int32_t', possible loss of data
C:\dev\D7049E\Sne\extlibs\bgfx\src\bgfx_p.h(3588,6): warning C4244: 'initializing': conversion from 'Ty' to 'uint32_t', possible loss of data
          with
          [
              Ty=uintptr_t
          ]
C:\dev\D7049E\Sne\extlibs\bgfx\src\bgfx_p.h(3586,25): warning C4244: 'initializing': conversion from 'Ty' to 'const uint32_t', possible loss of data
          with
          [
              Ty=uintptr_t
          ]
C:\dev\D7049E\Sne\extlibs\bgfx\src\bgfx_p.h(3652,6): warning C4244: 'initializing': conversion from 'Ty' to 'uint32_t', possible loss of data
          with
          [
              Ty=uintptr_t
          ]
C:\dev\D7049E\Sne\extlibs\bgfx\src\bgfx_p.h(3650,25): warning C4244: 'initializing': conversion from 'Ty' to 'const uint32_t', possible loss of data
          with
          [
              Ty=uintptr_t
          ]
  topology.cpp
C:\dev\D7049E\Sne\extlibs\bx\include\bx\inline\allocator.inl(30,52): warning C4267: 'argument': conversion from 'size_t' to 'int32_t', possible loss of data
  vertexlayout.cpp
C:\dev\D7049E\Sne\extlibs\bx\include\bx\inline\allocator.inl(30,52): warning C4267: 'argument': conversion from 'size_t' to 'int32_t', possible loss of data
  Generating Code...
  bgfx.vcxproj -> C:\dev\D7049E\Sne\build\vs2019\bin\x86_64\Debug\bgfx.lib
